\BOOKMARK [0][]{chapter.1}{1 Introducción}{}% 1
\BOOKMARK [1][]{section.1.1}{1.1 Antecedentes y motivación}{chapter.1}% 2
\BOOKMARK [1][]{section.1.2}{1.2 Descripción del problema}{chapter.1}% 3
\BOOKMARK [2][]{subsection.1.2.1}{1.2.1\040Estado\040del\040arte}{section.1.2}% 4
\BOOKMARK [2][]{subsection.1.2.2}{1.2.2 Definición del problema}{section.1.2}% 5
\BOOKMARK [1][]{section.1.3}{1.3 Solución propuesta}{chapter.1}% 6
\BOOKMARK [2][]{subsection.1.3.1}{1.3.1 Características de la solución}{section.1.3}% 7
\BOOKMARK [2][]{subsection.1.3.2}{1.3.2 Propósitos de la solución}{section.1.3}% 8
\BOOKMARK [1][]{section.1.4}{1.4\040Objetivos\040y\040alcance\040del\040proyecto}{chapter.1}% 9
\BOOKMARK [2][]{subsection.1.4.1}{1.4.1\040Objetivo\040general}{section.1.4}% 10
\BOOKMARK [2][]{subsection.1.4.2}{1.4.2 Objetivos específicos}{section.1.4}% 11
\BOOKMARK [2][]{subsection.1.4.3}{1.4.3\040Alcances}{section.1.4}% 12
\BOOKMARK [1][]{section.1.5}{1.5 Metodología y herramientas utilizadas}{chapter.1}% 13
\BOOKMARK [2][]{subsection.1.5.1}{1.5.1 Metodología}{section.1.5}% 14
\BOOKMARK [2][]{subsection.1.5.2}{1.5.2\040Herramientas\040de\040desarrollo}{section.1.5}% 15
\BOOKMARK [2][]{subsection.1.5.3}{1.5.3\040Ambiente\040de\040desarrollo}{section.1.5}% 16
\BOOKMARK [1][]{section.1.6}{1.6 Organización del documento}{chapter.1}% 17
\BOOKMARK [0][]{chapter.2}{2 Reconstrucción de imágenes de radiointerferometría}{}% 18
\BOOKMARK [1][]{section.2.1}{2.1\040CLEAN}{chapter.2}% 19
\BOOKMARK [1][]{section.2.2}{2.2 Método de máxima entropía}{chapter.2}% 20
\BOOKMARK [0][]{chapter.3}{3\040GPGPU}{}% 21
\BOOKMARK [1][]{section.3.1}{3.1 Arquitectura Unificada de Dispositivos de Cómputo}{chapter.3}% 22
\BOOKMARK [2][]{subsection.3.1.1}{3.1.1\040Arquitectura}{section.3.1}% 23
\BOOKMARK [2][]{subsection.3.1.2}{3.1.2\040Peer-to-Peer}{section.3.1}% 24
\BOOKMARK [2][]{subsection.3.1.3}{3.1.3\040Direccionamiento\040virtual\040unificado}{section.3.1}% 25
\BOOKMARK [2][]{subsection.3.1.4}{3.1.4\040GPUVMEM}{section.3.1}% 26
\BOOKMARK [0][]{chapter.4}{4\040Pruebas}{}% 27
\BOOKMARK [0][]{chapter.5}{5\040Resultados}{}% 28
\BOOKMARK [0][]{chapter.6}{6\040Conclusiones}{}% 29
\BOOKMARK [0][]{chapter*.9}{Referencias bibliográficas}{}% 30
\BOOKMARK [0][]{section*.10}{Anexos}{}% 31
\BOOKMARK [0][]{appendix.A}{A\040Anexo\040de\040ejemplo}{}% 32
